open source     > level 1, order 1, name '/usr/share/texmf/tex/context/base/mkiv/cont-yes.mkiv'
system          > 
system          > ConTeXt  ver: 2017.05.15 21:48 MKIV beta  fmt: 2018.5.28  int: english/english
system          > 
system          > 'cont-new.mkiv' loaded
open source     > level 2, order 2, name '/usr/share/texmf/tex/context/base/mkiv/cont-new.mkiv'
close source    > level 2, order 2, name '/usr/share/texmf/tex/context/base/mkiv/cont-new.mkiv'
system          > files > jobname 'iff', input './iff', result 'iff'
fonts           > latin modern fonts are not preloaded
languages       > language 'en' is active
open source     > level 2, order 3, name '/home/philos/ar/new/_doc/github/math/iff.tex'
resolvers       > modules > 'tikz' is loaded
open source     > level 3, order 4, name '/usr/share/texlive/texmf-dist/tex/context/third/pgf/frontendlayer/t-tikz.tex'
loading         > ConTeXt User Module / tikz
open source     > level 4, order 5, name '/usr/share/texlive/texmf-dist/tex/context/third/pgf/basiclayer/t-pgf.tex'
loading         > ConTeXt User Module / pgf
open source     > level 5, order 6, name '/usr/share/texlive/texmf-dist/tex/context/third/pgf/basiclayer/t-pgfcor.tex'
loading         > ConTeXt User Module / pgfcor
open source     > level 6, order 7, name '/usr/share/texlive/texmf-dist/tex/context/third/pgf/systemlayer/t-pgfsys.tex'
loading         > ConTeXt User Module / pgfsys
open source     > level 7, order 8, name '/usr/share/texlive/texmf-dist/tex/context/third/pgf/utilities/t-pgfrcs.tex'
loading         > ConTeXt User Module / pgfrcs
open source     > level 8, order 9, name '/usr/share/texlive/texmf-dist/tex/context/third/pgf/utilities/t-pgfmod.tex'
loading         > ConTeXt User Module / pgfmodules
close source    > level 8, order 9, name '/usr/share/texlive/texmf-dist/tex/context/third/pgf/utilities/t-pgfmod.tex'
open source     > level 8, order 10, name '/usr/share/texlive/texmf-dist/tex/generic/pgf/utilities/pgfutil-common.tex'
open source     > level 9, order 11, name '/usr/share/texlive/texmf-dist/tex/generic/pgf/utilities/pgfutil-common-lists.tex'
close source    > level 9, order 11, name '/usr/share/texlive/texmf-dist/tex/generic/pgf/utilities/pgfutil-common-lists.tex'
close source    > level 8, order 11, name '/usr/share/texlive/texmf-dist/tex/generic/pgf/utilities/pgfutil-common.tex'
open source     > level 8, order 12, name '/usr/share/texlive/texmf-dist/tex/generic/pgf/utilities/pgfutil-context.def'
close source    > level 8, order 12, name '/usr/share/texlive/texmf-dist/tex/generic/pgf/utilities/pgfutil-context.def'
open source     > level 8, order 13, name '/usr/share/texlive/texmf-dist/tex/generic/pgf/utilities/pgfrcs.code.tex'
close source    > level 8, order 13, name '/usr/share/texlive/texmf-dist/tex/generic/pgf/utilities/pgfrcs.code.tex'
close source    > level 7, order 13, name '/usr/share/texlive/texmf-dist/tex/context/third/pgf/utilities/t-pgfrcs.tex'
open source     > level 7, order 14, name '/usr/share/texlive/texmf-dist/tex/generic/pgf/systemlayer/pgfsys.code.tex'
open source     > level 8, order 15, name '/usr/share/texlive/texmf-dist/tex/generic/pgf/utilities/pgfkeys.code.tex'
open source     > level 9, order 16, name '/usr/share/texlive/texmf-dist/tex/generic/pgf/utilities/pgfkeysfiltered.code.tex'
close source    > level 9, order 16, name '/usr/share/texlive/texmf-dist/tex/generic/pgf/utilities/pgfkeysfiltered.code.tex'
close source    > level 8, order 16, name '/usr/share/texlive/texmf-dist/tex/generic/pgf/utilities/pgfkeys.code.tex'
open source     > level 8, order 17, name '/usr/share/texlive/texmf-dist/tex/generic/pgf/systemlayer/pgf.cfg'
close source    > level 8, order 17, name '/usr/share/texlive/texmf-dist/tex/generic/pgf/systemlayer/pgf.cfg'
Driver file for pgf: pgfsys-pdftex.def
open source     > level 8, order 18, name '/usr/share/texlive/texmf-dist/tex/generic/pgf/systemlayer/pgfsys-pdftex.def'
open source     > level 9, order 19, name '/usr/share/texlive/texmf-dist/tex/generic/pgf/systemlayer/pgfsys-common-pdf.def'
close source    > level 9, order 19, name '/usr/share/texlive/texmf-dist/tex/generic/pgf/systemlayer/pgfsys-common-pdf.def'
close source    > level 8, order 19, name '/usr/share/texlive/texmf-dist/tex/generic/pgf/systemlayer/pgfsys-pdftex.def'
open source     > level 8, order 20, name 'iff.pgf'
close source    > level 8, order 20, name 'iff.pgf'
close source    > level 7, order 20, name '/usr/share/texlive/texmf-dist/tex/generic/pgf/systemlayer/pgfsys.code.tex'
open source     > level 7, order 21, name '/usr/share/texlive/texmf-dist/tex/generic/pgf/systemlayer/pgfsyssoftpath.code.tex'
close source    > level 7, order 21, name '/usr/share/texlive/texmf-dist/tex/generic/pgf/systemlayer/pgfsyssoftpath.code.tex'
open source     > level 7, order 22, name '/usr/share/texlive/texmf-dist/tex/generic/pgf/systemlayer/pgfsysprotocol.code.tex'
close source    > level 7, order 22, name '/usr/share/texlive/texmf-dist/tex/generic/pgf/systemlayer/pgfsysprotocol.code.tex'
close source    > level 6, order 22, name '/usr/share/texlive/texmf-dist/tex/context/third/pgf/systemlayer/t-pgfsys.tex'
open source     > level 6, order 23, name '/usr/share/texlive/texmf-dist/tex/generic/pgf/basiclayer/pgfcore.code.tex'
open source     > level 7, order 24, name '/usr/share/texlive/texmf-dist/tex/generic/pgf/math/pgfmath.code.tex'
open source     > level 8, order 25, name '/usr/share/texlive/texmf-dist/tex/generic/pgf/math/pgfmathcalc.code.tex'
open source     > level 9, order 26, name '/usr/share/texlive/texmf-dist/tex/generic/pgf/math/pgfmathutil.code.tex'
fonts           > beware: no fonts are loaded yet, using 'lm mono' in box
close source    > level 9, order 26, name '/usr/share/texlive/texmf-dist/tex/generic/pgf/math/pgfmathutil.code.tex'
open source     > level 9, order 27, name '/usr/share/texlive/texmf-dist/tex/generic/pgf/math/pgfmathparser.code.tex'
close source    > level 9, order 27, name '/usr/share/texlive/texmf-dist/tex/generic/pgf/math/pgfmathparser.code.tex'
open source     > level 9, order 28, name '/usr/share/texlive/texmf-dist/tex/generic/pgf/math/pgfmathfunctions.code.tex'
open source     > level 10, order 29, name '/usr/share/texlive/texmf-dist/tex/generic/pgf/math/pgfmathfunctions.basic.code.tex'
close source    > level 10, order 29, name '/usr/share/texlive/texmf-dist/tex/generic/pgf/math/pgfmathfunctions.basic.code.tex'
open source     > level 10, order 30, name '/usr/share/texlive/texmf-dist/tex/generic/pgf/math/pgfmathfunctions.trigonometric.code.tex'
close source    > level 10, order 30, name '/usr/share/texlive/texmf-dist/tex/generic/pgf/math/pgfmathfunctions.trigonometric.code.tex'
open source     > level 10, order 31, name '/usr/share/texlive/texmf-dist/tex/generic/pgf/math/pgfmathfunctions.random.code.tex'
close source    > level 10, order 31, name '/usr/share/texlive/texmf-dist/tex/generic/pgf/math/pgfmathfunctions.random.code.tex'
open source     > level 10, order 32, name '/usr/share/texlive/texmf-dist/tex/generic/pgf/math/pgfmathfunctions.comparison.code.tex'
close source    > level 10, order 32, name '/usr/share/texlive/texmf-dist/tex/generic/pgf/math/pgfmathfunctions.comparison.code.tex'
open source     > level 10, order 33, name '/usr/share/texlive/texmf-dist/tex/generic/pgf/math/pgfmathfunctions.base.code.tex'
close source    > level 10, order 33, name '/usr/share/texlive/texmf-dist/tex/generic/pgf/math/pgfmathfunctions.base.code.tex'
open source     > level 10, order 34, name '/usr/share/texlive/texmf-dist/tex/generic/pgf/math/pgfmathfunctions.round.code.tex'
close source    > level 10, order 34, name '/usr/share/texlive/texmf-dist/tex/generic/pgf/math/pgfmathfunctions.round.code.tex'
open source     > level 10, order 35, name '/usr/share/texlive/texmf-dist/tex/generic/pgf/math/pgfmathfunctions.misc.code.tex'
close source    > level 10, order 35, name '/usr/share/texlive/texmf-dist/tex/generic/pgf/math/pgfmathfunctions.misc.code.tex'
open source     > level 10, order 36, name '/usr/share/texlive/texmf-dist/tex/generic/pgf/math/pgfmathfunctions.integerarithmetics.code.tex'
close source    > level 10, order 36, name '/usr/share/texlive/texmf-dist/tex/generic/pgf/math/pgfmathfunctions.integerarithmetics.code.tex'
close source    > level 9, order 36, name '/usr/share/texlive/texmf-dist/tex/generic/pgf/math/pgfmathfunctions.code.tex'
close source    > level 8, order 36, name '/usr/share/texlive/texmf-dist/tex/generic/pgf/math/pgfmathcalc.code.tex'
open source     > level 8, order 37, name '/usr/share/texlive/texmf-dist/tex/generic/pgf/math/pgfmathfloat.code.tex'
close source    > level 8, order 37, name '/usr/share/texlive/texmf-dist/tex/generic/pgf/math/pgfmathfloat.code.tex'
close source    > level 7, order 37, name '/usr/share/texlive/texmf-dist/tex/generic/pgf/math/pgfmath.code.tex'
open source     > level 7, order 38, name '/usr/share/texlive/texmf-dist/tex/generic/pgf/basiclayer/pgfcorepoints.code.tex'
close source    > level 7, order 38, name '/usr/share/texlive/texmf-dist/tex/generic/pgf/basiclayer/pgfcorepoints.code.tex'
open source     > level 7, order 39, name '/usr/share/texlive/texmf-dist/tex/generic/pgf/basiclayer/pgfcorepathconstruct.code.tex'
close source    > level 7, order 39, name '/usr/share/texlive/texmf-dist/tex/generic/pgf/basiclayer/pgfcorepathconstruct.code.tex'
open source     > level 7, order 40, name '/usr/share/texlive/texmf-dist/tex/generic/pgf/basiclayer/pgfcorepathusage.code.tex'
close source    > level 7, order 40, name '/usr/share/texlive/texmf-dist/tex/generic/pgf/basiclayer/pgfcorepathusage.code.tex'
open source     > level 7, order 41, name '/usr/share/texlive/texmf-dist/tex/generic/pgf/basiclayer/pgfcorescopes.code.tex'
close source    > level 7, order 41, name '/usr/share/texlive/texmf-dist/tex/generic/pgf/basiclayer/pgfcorescopes.code.tex'
open source     > level 7, order 42, name '/usr/share/texlive/texmf-dist/tex/generic/pgf/basiclayer/pgfcoregraphicstate.code.tex'
close source    > level 7, order 42, name '/usr/share/texlive/texmf-dist/tex/generic/pgf/basiclayer/pgfcoregraphicstate.code.tex'
open source     > level 7, order 43, name '/usr/share/texlive/texmf-dist/tex/generic/pgf/basiclayer/pgfcoretransformations.code.tex'
close source    > level 7, order 43, name '/usr/share/texlive/texmf-dist/tex/generic/pgf/basiclayer/pgfcoretransformations.code.tex'
open source     > level 7, order 44, name '/usr/share/texlive/texmf-dist/tex/generic/pgf/basiclayer/pgfcorequick.code.tex'
close source    > level 7, order 44, name '/usr/share/texlive/texmf-dist/tex/generic/pgf/basiclayer/pgfcorequick.code.tex'
open source     > level 7, order 45, name '/usr/share/texlive/texmf-dist/tex/generic/pgf/basiclayer/pgfcoreobjects.code.tex'
close source    > level 7, order 45, name '/usr/share/texlive/texmf-dist/tex/generic/pgf/basiclayer/pgfcoreobjects.code.tex'
open source     > level 7, order 46, name '/usr/share/texlive/texmf-dist/tex/generic/pgf/basiclayer/pgfcorepathprocessing.code.tex'
close source    > level 7, order 46, name '/usr/share/texlive/texmf-dist/tex/generic/pgf/basiclayer/pgfcorepathprocessing.code.tex'
open source     > level 7, order 47, name '/usr/share/texlive/texmf-dist/tex/generic/pgf/basiclayer/pgfcorearrows.code.tex'
close source    > level 7, order 47, name '/usr/share/texlive/texmf-dist/tex/generic/pgf/basiclayer/pgfcorearrows.code.tex'
open source     > level 7, order 48, name '/usr/share/texlive/texmf-dist/tex/generic/pgf/basiclayer/pgfcoreshade.code.tex'
close source    > level 7, order 48, name '/usr/share/texlive/texmf-dist/tex/generic/pgf/basiclayer/pgfcoreshade.code.tex'
open source     > level 7, order 49, name '/usr/share/texlive/texmf-dist/tex/generic/pgf/basiclayer/pgfcoreimage.code.tex'
open source     > level 8, order 50, name '/usr/share/texlive/texmf-dist/tex/generic/pgf/basiclayer/pgfcoreexternal.code.tex'
close source    > level 8, order 50, name '/usr/share/texlive/texmf-dist/tex/generic/pgf/basiclayer/pgfcoreexternal.code.tex'
close source    > level 7, order 50, name '/usr/share/texlive/texmf-dist/tex/generic/pgf/basiclayer/pgfcoreimage.code.tex'
open source     > level 7, order 51, name '/usr/share/texlive/texmf-dist/tex/generic/pgf/basiclayer/pgfcorelayers.code.tex'
close source    > level 7, order 51, name '/usr/share/texlive/texmf-dist/tex/generic/pgf/basiclayer/pgfcorelayers.code.tex'
open source     > level 7, order 52, name '/usr/share/texlive/texmf-dist/tex/generic/pgf/basiclayer/pgfcoretransparency.code.tex'
close source    > level 7, order 52, name '/usr/share/texlive/texmf-dist/tex/generic/pgf/basiclayer/pgfcoretransparency.code.tex'
open source     > level 7, order 53, name '/usr/share/texlive/texmf-dist/tex/generic/pgf/basiclayer/pgfcorepatterns.code.tex'
close source    > level 7, order 53, name '/usr/share/texlive/texmf-dist/tex/generic/pgf/basiclayer/pgfcorepatterns.code.tex'
close source    > level 6, order 53, name '/usr/share/texlive/texmf-dist/tex/generic/pgf/basiclayer/pgfcore.code.tex'
close source    > level 5, order 53, name '/usr/share/texlive/texmf-dist/tex/context/third/pgf/basiclayer/t-pgfcor.tex'
open source     > level 5, order 54, name '/usr/share/texlive/texmf-dist/tex/generic/pgf/modules/pgfmoduleshapes.code.tex'
close source    > level 5, order 54, name '/usr/share/texlive/texmf-dist/tex/generic/pgf/modules/pgfmoduleshapes.code.tex'
open source     > level 5, order 55, name '/usr/share/texlive/texmf-dist/tex/generic/pgf/modules/pgfmoduleplot.code.tex'
close source    > level 5, order 55, name '/usr/share/texlive/texmf-dist/tex/generic/pgf/modules/pgfmoduleplot.code.tex'
close source    > level 4, order 55, name '/usr/share/texlive/texmf-dist/tex/context/third/pgf/basiclayer/t-pgf.tex'
open source     > level 4, order 56, name '/usr/share/texlive/texmf-dist/tex/context/third/pgf/utilities/t-pgffor.tex'
loading         > ConTeXt User Module / pgffor
open source     > level 5, order 57, name '/usr/share/texlive/texmf-dist/tex/context/third/pgf/utilities/t-pgfrcs.tex'
loading         > ConTeXt User Module / pgfrcs
close source    > level 5, order 57, name '/usr/share/texlive/texmf-dist/tex/context/third/pgf/utilities/t-pgfrcs.tex'
open source     > level 5, order 58, name '/usr/share/texlive/texmf-dist/tex/context/third/pgf/utilities/t-pgfkey.tex'
loading         > ConTeXt User Module / pgfkey
open source     > level 6, order 59, name '/usr/share/texlive/texmf-dist/tex/generic/pgf/utilities/pgfkeys.code.tex'
close source    > level 6, order 59, name '/usr/share/texlive/texmf-dist/tex/generic/pgf/utilities/pgfkeys.code.tex'
close source    > level 5, order 59, name '/usr/share/texlive/texmf-dist/tex/context/third/pgf/utilities/t-pgfkey.tex'
open source     > level 5, order 60, name '/usr/share/texlive/texmf-dist/tex/generic/pgf/utilities/pgffor.code.tex'
open source     > level 6, order 61, name '/usr/share/texlive/texmf-dist/tex/generic/pgf/math/pgfmath.code.tex'
close source    > level 6, order 61, name '/usr/share/texlive/texmf-dist/tex/generic/pgf/math/pgfmath.code.tex'
close source    > level 5, order 61, name '/usr/share/texlive/texmf-dist/tex/generic/pgf/utilities/pgffor.code.tex'
close source    > level 4, order 61, name '/usr/share/texlive/texmf-dist/tex/context/third/pgf/utilities/t-pgffor.tex'
open source     > level 4, order 62, name '/usr/share/texlive/texmf-dist/tex/generic/pgf/frontendlayer/tikz/tikz.code.tex'
open source     > level 5, order 63, name '/usr/share/texlive/texmf-dist/tex/generic/pgf/libraries/pgflibraryplothandlers.code.tex'
close source    > level 5, order 63, name '/usr/share/texlive/texmf-dist/tex/generic/pgf/libraries/pgflibraryplothandlers.code.tex'
open source     > level 5, order 64, name '/usr/share/texlive/texmf-dist/tex/generic/pgf/modules/pgfmodulematrix.code.tex'
close source    > level 5, order 64, name '/usr/share/texlive/texmf-dist/tex/generic/pgf/modules/pgfmodulematrix.code.tex'
open source     > level 5, order 65, name '/usr/share/texlive/texmf-dist/tex/generic/pgf/frontendlayer/tikz/libraries/tikzlibrarytopaths.code.tex'
close source    > level 5, order 65, name '/usr/share/texlive/texmf-dist/tex/generic/pgf/frontendlayer/tikz/libraries/tikzlibrarytopaths.code.tex'
close source    > level 4, order 65, name '/usr/share/texlive/texmf-dist/tex/generic/pgf/frontendlayer/tikz/tikz.code.tex'
close source    > level 3, order 65, name '/usr/share/texlive/texmf-dist/tex/context/third/pgf/frontendlayer/t-tikz.tex'
open source     > level 3, order 66, name '/usr/share/texlive/texmf-dist/tex/generic/pgf/libraries/pgflibraryarrows.meta.code.tex'
close source    > level 3, order 66, name '/usr/share/texlive/texmf-dist/tex/generic/pgf/libraries/pgflibraryarrows.meta.code.tex'
fonts           > preloading latin modern fonts (second stage)
fonts           > 'fallback modern-designsize rm 12pt' is loaded
backend         > xmp > using file '/usr/share/texmf/tex/context/base/mkiv/lpdf-pdx.xml'
pages           > flushing realpage 1, userpage 1, subpage 1
pages           > flushing realpage 2, userpage 2
pages           > flushing realpage 3, userpage 3
close source    > level 2, order 66, name '/home/philos/ar/new/_doc/github/math/iff.tex'
close source    > level 1, order 66, name '/usr/share/texmf/tex/context/base/mkiv/cont-yes.mkiv'

system          > structure > start used structure

used structure  > text: iff

system          > structure > stop used structure


system          > files > start used files

used file       >    1: filename=cont-yes.mkiv filetype=tex foundname=/usr/share/texmf/tex/context/base/mkiv/cont-yes.mkiv usedmethod=database
used file       >    2: filename=publ-imp-default.lua filetype=scripts foundname=/usr/share/texmf/tex/context/base/mkiv/publ-imp-default.lua usedmethod=database
used file       >    3: filename=cont-new.mkiv filetype=tex foundname=/usr/share/texmf/tex/context/base/mkiv/cont-new.mkiv usedmethod=database
used file       >    4: filename=lang-us.lua filetype=scripts foundname=/usr/share/texmf/tex/context/patterns/mkiv/lang-us.lua usedmethod=database
used file       >    5: filename=/home/philos/ar/new/_doc/github/math/iff foundname=/home/philos/ar/new/_doc/github/math/iff.tex usedmethod=qualified
used file       >    6: filename=t-tikz.tex filetype=tex foundname=/usr/share/texlive/texmf-dist/tex/context/third/pgf/frontendlayer/t-tikz.tex usedmethod=database
used file       >    7: filename=t-pgf.tex filetype=tex foundname=/usr/share/texlive/texmf-dist/tex/context/third/pgf/basiclayer/t-pgf.tex usedmethod=database
used file       >    8: filename=t-pgfcor.tex filetype=tex foundname=/usr/share/texlive/texmf-dist/tex/context/third/pgf/basiclayer/t-pgfcor.tex usedmethod=database
used file       >    9: filename=t-pgfsys.tex filetype=tex foundname=/usr/share/texlive/texmf-dist/tex/context/third/pgf/systemlayer/t-pgfsys.tex usedmethod=database
used file       >   10: filename=t-pgfrcs.tex filetype=tex foundname=/usr/share/texlive/texmf-dist/tex/context/third/pgf/utilities/t-pgfrcs.tex usedmethod=database
used file       >   11: filename=t-pgfmod.tex filetype=tex foundname=/usr/share/texlive/texmf-dist/tex/context/third/pgf/utilities/t-pgfmod.tex usedmethod=database
used file       >   12: filename=pgfutil-common.tex filetype=tex foundname=/usr/share/texlive/texmf-dist/tex/generic/pgf/utilities/pgfutil-common.tex usedmethod=database
used file       >   13: filename=pgfutil-common-lists.tex filetype=tex foundname=/usr/share/texlive/texmf-dist/tex/generic/pgf/utilities/pgfutil-common-lists.tex usedmethod=database
used file       >   14: filename=pgfutil-context.def filetype=tex foundname=/usr/share/texlive/texmf-dist/tex/generic/pgf/utilities/pgfutil-context.def usedmethod=database
used file       >   15: filename=pgfrcs.code.tex filetype=tex foundname=/usr/share/texlive/texmf-dist/tex/generic/pgf/utilities/pgfrcs.code.tex usedmethod=database
used file       >   16: filename=pgfsys.code.tex filetype=tex foundname=/usr/share/texlive/texmf-dist/tex/generic/pgf/systemlayer/pgfsys.code.tex usedmethod=database
used file       >   17: filename=pgfkeys.code.tex filetype=tex foundname=/usr/share/texlive/texmf-dist/tex/generic/pgf/utilities/pgfkeys.code.tex usedmethod=database
used file       >   18: filename=pgfkeysfiltered.code.tex filetype=tex foundname=/usr/share/texlive/texmf-dist/tex/generic/pgf/utilities/pgfkeysfiltered.code.tex usedmethod=database
used file       >   19: filename=pgf.cfg filetype=tex foundname=/usr/share/texlive/texmf-dist/tex/generic/pgf/systemlayer/pgf.cfg usedmethod=database
used file       >   20: filename=pgfsys-pdftex.def filetype=tex foundname=/usr/share/texlive/texmf-dist/tex/generic/pgf/systemlayer/pgfsys-pdftex.def usedmethod=database
used file       >   21: filename=pgfsys-common-pdf.def filetype=tex foundname=/usr/share/texlive/texmf-dist/tex/generic/pgf/systemlayer/pgfsys-common-pdf.def usedmethod=database
used file       >   22: filename=iff.pgf foundname=iff.pgf usedmethod=direct
used file       >   23: filename=pgfsyssoftpath.code.tex filetype=tex foundname=/usr/share/texlive/texmf-dist/tex/generic/pgf/systemlayer/pgfsyssoftpath.code.tex usedmethod=database
used file       >   24: filename=pgfsysprotocol.code.tex filetype=tex foundname=/usr/share/texlive/texmf-dist/tex/generic/pgf/systemlayer/pgfsysprotocol.code.tex usedmethod=database
used file       >   25: filename=pgfcore.code.tex filetype=tex foundname=/usr/share/texlive/texmf-dist/tex/generic/pgf/basiclayer/pgfcore.code.tex usedmethod=database
used file       >   26: filename=pgfmath.code.tex filetype=tex foundname=/usr/share/texlive/texmf-dist/tex/generic/pgf/math/pgfmath.code.tex usedmethod=database
used file       >   27: filename=pgfmathcalc.code.tex filetype=tex foundname=/usr/share/texlive/texmf-dist/tex/generic/pgf/math/pgfmathcalc.code.tex usedmethod=database
used file       >   28: filename=pgfmathutil.code.tex filetype=tex foundname=/usr/share/texlive/texmf-dist/tex/generic/pgf/math/pgfmathutil.code.tex usedmethod=database
used file       >   29: filename=lmmono10-regular filetype=otf format=otf foundname=/usr/share/texmf/fonts/opentype/public/lm/lmmono10-regular.otf usedmethod=database
used file       >   30: filename=pgfmathparser.code.tex filetype=tex foundname=/usr/share/texlive/texmf-dist/tex/generic/pgf/math/pgfmathparser.code.tex usedmethod=database
used file       >   31: filename=pgfmathfunctions.code.tex filetype=tex foundname=/usr/share/texlive/texmf-dist/tex/generic/pgf/math/pgfmathfunctions.code.tex usedmethod=database
used file       >   32: filename=pgfmathfunctions.basic.code.tex filetype=tex foundname=/usr/share/texlive/texmf-dist/tex/generic/pgf/math/pgfmathfunctions.basic.code.tex usedmethod=database
used file       >   33: filename=pgfmathfunctions.trigonometric.code.tex filetype=tex foundname=/usr/share/texlive/texmf-dist/tex/generic/pgf/math/pgfmathfunctions.trigonometric.code.tex usedmethod=database
used file       >   34: filename=pgfmathfunctions.random.code.tex filetype=tex foundname=/usr/share/texlive/texmf-dist/tex/generic/pgf/math/pgfmathfunctions.random.code.tex usedmethod=database
used file       >   35: filename=pgfmathfunctions.comparison.code.tex filetype=tex foundname=/usr/share/texlive/texmf-dist/tex/generic/pgf/math/pgfmathfunctions.comparison.code.tex usedmethod=database
used file       >   36: filename=pgfmathfunctions.base.code.tex filetype=tex foundname=/usr/share/texlive/texmf-dist/tex/generic/pgf/math/pgfmathfunctions.base.code.tex usedmethod=database
used file       >   37: filename=pgfmathfunctions.round.code.tex filetype=tex foundname=/usr/share/texlive/texmf-dist/tex/generic/pgf/math/pgfmathfunctions.round.code.tex usedmethod=database
used file       >   38: filename=pgfmathfunctions.misc.code.tex filetype=tex foundname=/usr/share/texlive/texmf-dist/tex/generic/pgf/math/pgfmathfunctions.misc.code.tex usedmethod=database
used file       >   39: filename=pgfmathfunctions.integerarithmetics.code.tex filetype=tex foundname=/usr/share/texlive/texmf-dist/tex/generic/pgf/math/pgfmathfunctions.integerarithmetics.code.tex usedmethod=database
used file       >   40: filename=pgfmathfloat.code.tex filetype=tex foundname=/usr/share/texlive/texmf-dist/tex/generic/pgf/math/pgfmathfloat.code.tex usedmethod=database
used file       >   41: filename=pgfcorepoints.code.tex filetype=tex foundname=/usr/share/texlive/texmf-dist/tex/generic/pgf/basiclayer/pgfcorepoints.code.tex usedmethod=database
used file       >   42: filename=pgfcorepathconstruct.code.tex filetype=tex foundname=/usr/share/texlive/texmf-dist/tex/generic/pgf/basiclayer/pgfcorepathconstruct.code.tex usedmethod=database
used file       >   43: filename=pgfcorepathusage.code.tex filetype=tex foundname=/usr/share/texlive/texmf-dist/tex/generic/pgf/basiclayer/pgfcorepathusage.code.tex usedmethod=database
used file       >   44: filename=pgfcorescopes.code.tex filetype=tex foundname=/usr/share/texlive/texmf-dist/tex/generic/pgf/basiclayer/pgfcorescopes.code.tex usedmethod=database
used file       >   45: filename=pgfcoregraphicstate.code.tex filetype=tex foundname=/usr/share/texlive/texmf-dist/tex/generic/pgf/basiclayer/pgfcoregraphicstate.code.tex usedmethod=database
used file       >   46: filename=pgfcoretransformations.code.tex filetype=tex foundname=/usr/share/texlive/texmf-dist/tex/generic/pgf/basiclayer/pgfcoretransformations.code.tex usedmethod=database
used file       >   47: filename=pgfcorequick.code.tex filetype=tex foundname=/usr/share/texlive/texmf-dist/tex/generic/pgf/basiclayer/pgfcorequick.code.tex usedmethod=database
used file       >   48: filename=pgfcoreobjects.code.tex filetype=tex foundname=/usr/share/texlive/texmf-dist/tex/generic/pgf/basiclayer/pgfcoreobjects.code.tex usedmethod=database
used file       >   49: filename=pgfcorepathprocessing.code.tex filetype=tex foundname=/usr/share/texlive/texmf-dist/tex/generic/pgf/basiclayer/pgfcorepathprocessing.code.tex usedmethod=database
used file       >   50: filename=pgfcorearrows.code.tex filetype=tex foundname=/usr/share/texlive/texmf-dist/tex/generic/pgf/basiclayer/pgfcorearrows.code.tex usedmethod=database
used file       >   51: filename=pgfcoreshade.code.tex filetype=tex foundname=/usr/share/texlive/texmf-dist/tex/generic/pgf/basiclayer/pgfcoreshade.code.tex usedmethod=database
used file       >   52: filename=pgfcoreimage.code.tex filetype=tex foundname=/usr/share/texlive/texmf-dist/tex/generic/pgf/basiclayer/pgfcoreimage.code.tex usedmethod=database
used file       >   53: filename=pgfcoreexternal.code.tex filetype=tex foundname=/usr/share/texlive/texmf-dist/tex/generic/pgf/basiclayer/pgfcoreexternal.code.tex usedmethod=database
used file       >   54: filename=pgfcorelayers.code.tex filetype=tex foundname=/usr/share/texlive/texmf-dist/tex/generic/pgf/basiclayer/pgfcorelayers.code.tex usedmethod=database
used file       >   55: filename=pgfcoretransparency.code.tex filetype=tex foundname=/usr/share/texlive/texmf-dist/tex/generic/pgf/basiclayer/pgfcoretransparency.code.tex usedmethod=database
used file       >   56: filename=pgfcorepatterns.code.tex filetype=tex foundname=/usr/share/texlive/texmf-dist/tex/generic/pgf/basiclayer/pgfcorepatterns.code.tex usedmethod=database
used file       >   57: filename=pgfmoduleshapes.code.tex filetype=tex foundname=/usr/share/texlive/texmf-dist/tex/generic/pgf/modules/pgfmoduleshapes.code.tex usedmethod=database
used file       >   58: filename=pgfmoduleplot.code.tex filetype=tex foundname=/usr/share/texlive/texmf-dist/tex/generic/pgf/modules/pgfmoduleplot.code.tex usedmethod=database
used file       >   59: filename=t-pgffor.tex filetype=tex foundname=/usr/share/texlive/texmf-dist/tex/context/third/pgf/utilities/t-pgffor.tex usedmethod=database
used file       >   60: filename=t-pgfkey.tex filetype=tex foundname=/usr/share/texlive/texmf-dist/tex/context/third/pgf/utilities/t-pgfkey.tex usedmethod=database
used file       >   61: filename=pgffor.code.tex filetype=tex foundname=/usr/share/texlive/texmf-dist/tex/generic/pgf/utilities/pgffor.code.tex usedmethod=database
used file       >   62: filename=tikz.code.tex filetype=tex foundname=/usr/share/texlive/texmf-dist/tex/generic/pgf/frontendlayer/tikz/tikz.code.tex usedmethod=database
used file       >   63: filename=pgflibraryplothandlers.code.tex filetype=tex foundname=/usr/share/texlive/texmf-dist/tex/generic/pgf/libraries/pgflibraryplothandlers.code.tex usedmethod=database
used file       >   64: filename=pgfmodulematrix.code.tex filetype=tex foundname=/usr/share/texlive/texmf-dist/tex/generic/pgf/modules/pgfmodulematrix.code.tex usedmethod=database
used file       >   65: filename=tikzlibrarytopaths.code.tex filetype=tex foundname=/usr/share/texlive/texmf-dist/tex/generic/pgf/frontendlayer/tikz/libraries/tikzlibrarytopaths.code.tex usedmethod=database
used file       >   66: filename=pgflibraryarrows.meta.code.tex filetype=tex foundname=/usr/share/texlive/texmf-dist/tex/generic/pgf/libraries/pgflibraryarrows.meta.code.tex usedmethod=database
used file       >   67: filename=lm.lfg filetype=tex foundname=/usr/share/texmf/tex/context/fonts/mkiv/lm.lfg usedmethod=database
used file       >   68: filename=lmroman12-regular filetype=otf format=otf foundname=/usr/share/texmf/fonts/opentype/public/lm/lmroman12-regular.otf usedmethod=database
used file       >   69: filename=latinmodern-math.otf filetype=opentypefonts foundname=/usr/share/texmf/fonts/opentype/public/lm-math/latinmodern-math.otf usedmethod=database
used file       >   70: filename=lpdf-pdx.xml filetype=tex foundname=/usr/share/texmf/tex/context/base/mkiv/lpdf-pdx.xml usedmethod=database

system          > files > stop used files


system          > options > start commandline options

used option     > currentrun="1"
used option     > fulljobname="./iff"
used option     > input="./iff"
used option     > kindofrun="1"
used option     > maxnofruns="9"
used option     > no-parse-first-line="true"

system          > options > stop commandline options

system          > options > start commandline files

used file       >    1: ./iff

system          > options > stop commandline files


mkiv lua stats  > used config file: /usr/share/texmf/web2c/texmfcnf.lua;/usr/share/texlive/texmf-dist/web2c/texmfcnf.lua
mkiv lua stats  > used cache path: readable: '/var/lib/texmf/luatex-cache/context/b47c3d3cee7cb6c86268d0595268c442' | readable+writable: '/home/philos/.texlive2018/texmf-var/luatex-cache/context/b47c3d3cee7cb6c86268d0595268c442'
mkiv lua stats  > resource resolver: loadtime 0.098 seconds, 0 scans with scantime 0.000 seconds, 0 shared scans, 70 found files, scanned paths: <none>
mkiv lua stats  > stored bytecode data: 404 modules (0.341 sec), 91 tables (0.012 sec), 495 chunks (0.352 sec)
mkiv lua stats  > traced context: maxstack: 1231, freed: 0, unreachable: 1231
mkiv lua stats  > cleaned up reserved nodes: 49 nodes, 9 lists of 459
mkiv lua stats  > node memory usage: 4 glue, 4 penalty, 15 attribute, 50 glue_spec, 5 attribute_list, 2 temp, 2 user_defined
mkiv lua stats  > node list callback tasks: 7 unique task lists, 8 instances (re)created, 79 calls
mkiv lua stats  > used backend: pdf (backend for directly generating pdf output)
mkiv lua stats  > jobdata time: 0.001 seconds saving, 0.001 seconds loading
mkiv lua stats  > callbacks: 3932 direct, 35306 indirect, 39238 total
mkiv lua stats  > randomizer: resumed with value 0.87036631622834
mkiv lua stats  > loaded tex modules: 1 requested, all found (*-tikz)
mkiv lua stats  > loaded patterns: en::2, load time: 0.000
mkiv lua stats  > result saved in file: iff.pdf, compresslevel 3, objectcompresslevel 3
mkiv lua stats  > loaded fonts: 3 files: latinmodern-math.otf, lmmono10-regular.otf, lmroman12-regular.otf
mkiv lua stats  > font engine: otf 3.029, afm 1.512, tfm 1.000, 5 instances, load time 0.119 seconds 
mkiv lua stats  > synctex tracing: synctex has been enabled (extra log file generated)
mkiv lua stats  > used platform: linux-64, type: unix, binary subtree: usr
mkiv lua stats  > luatex banner: this is luatex, version 1.07.0 (tex live 2018/debian)
mkiv lua stats  > control sequences: 54538 of 65536 + 100000
mkiv lua stats  > lua properties: engine: lua, used memory: 100 MB (ctx: 99 MB), hash type: lua, hash chars: min(64,40), symbol mask: utf (τεχ)
mkiv lua stats  > runtime: 0.708 seconds, 3 processed pages, 3 shipped pages, 4.237 pages/second

